max : 50 min : 1
1 49 50
min_diff : 49
max : 50 min : 1
1 50 49
max : 50 min : 2
2 48 50
min_diff : 48
max : 49 min : 2
2 49 49
min_diff : 47
max : 50 min : 2
2 50 48
max : 50 min : 3
3 47 50
max : 49 min : 3
3 48 49
min_diff : 46
max : 49 min : 3
3 49 48
max : 50 min : 3
3 50 47
max : 50 min : 4
4 46 50
max : 49 min : 4
4 47 49
min_diff : 45
max : 48 min : 4
4 48 48
min_diff : 44
max : 49 min : 4
4 49 47
max : 50 min : 4
4 50 46
max : 50 min : 5
5 45 50
max : 49 min : 5
5 46 49
max : 48 min : 5
5 47 48
min_diff : 43
max : 48 min : 5
5 48 47
max : 49 min : 5
5 49 46
max : 50 min : 5
5 50 45
max : 50 min : 6
6 44 50
max : 49 min : 6
6 45 49
max : 48 min : 6
6 46 48
min_diff : 42
max : 47 min : 6
6 47 47
min_diff : 41
max : 48 min : 6
6 48 46
max : 49 min : 6
6 49 45
max : 50 min : 6
6 50 44
max : 50 min : 7
7 43 50
max : 49 min : 7
7 44 49
max : 48 min : 7
7 45 48
max : 47 min : 7
7 46 47
min_diff : 40
max : 47 min : 7
7 47 46
max : 48 min : 7
7 48 45
max : 49 min : 7
7 49 44
max : 50 min : 7
7 50 43
max : 50 min : 8
8 42 50
max : 49 min : 8
8 43 49
max : 48 min : 8
8 44 48
max : 47 min : 8
8 45 47
min_diff : 39
max : 46 min : 8
8 46 46
min_diff : 38
max : 47 min : 8
8 47 45
max : 48 min : 8
8 48 44
max : 49 min : 8
8 49 43
max : 50 min : 8
8 50 42
max : 50 min : 10
10 40 50
max : 49 min : 10
10 41 49
max : 48 min : 10
10 42 48
max : 47 min : 10
10 43 47
min_diff : 37
max : 46 min : 10
10 44 46
min_diff : 36
max : 45 min : 10
10 45 45
min_diff : 35
max : 46 min : 10
10 46 44
max : 47 min : 10
10 47 43
max : 48 min : 10
10 48 42
max : 49 min : 10
10 49 41
max : 50 min : 10
10 50 40
max : 50 min : 12
12 38 50
max : 49 min : 12
12 39 49
max : 48 min : 12
12 40 48
max : 47 min : 12
12 41 47
max : 46 min : 12
12 42 46
min_diff : 34
max : 45 min : 12
12 43 45
min_diff : 33
max : 44 min : 12
12 44 44
min_diff : 32
max : 45 min : 12
12 45 43
max : 46 min : 12
12 46 42
max : 47 min : 12
12 47 41
max : 48 min : 12
12 48 40
max : 50 min : 12
12 50 38
max : 50 min : 13
13 37 50
max : 49 min : 13
13 38 49
max : 48 min : 13
13 39 48
max : 47 min : 13
13 40 47
max : 46 min : 13
13 41 46
max : 45 min : 13
13 42 45
max : 44 min : 13
13 43 44
min_diff : 31
max : 44 min : 13
13 44 43
max : 45 min : 13
13 45 42
max : 46 min : 13
13 46 41
max : 47 min : 13
13 47 40
max : 49 min : 13
13 49 38
max : 50 min : 13
13 50 37
max : 50 min : 14
14 36 50
max : 49 min : 14
14 37 49
max : 48 min : 14
14 38 48
max : 47 min : 14
14 39 47
max : 46 min : 14
14 40 46
max : 45 min : 14
14 41 45
max : 44 min : 14
14 42 44
min_diff : 30
max : 43 min : 14
14 43 43
min_diff : 29
max : 44 min : 14
14 44 42
max : 45 min : 14
14 45 41
max : 46 min : 14
14 46 40
max : 48 min : 14
14 48 38
max : 49 min : 14
14 49 37
max : 50 min : 14
14 50 36
max : 50 min : 15
15 35 50
max : 49 min : 15
15 36 49
max : 48 min : 15
15 37 48
max : 47 min : 15
15 38 47
max : 46 min : 15
15 39 46
max : 45 min : 15
15 40 45
max : 44 min : 15
15 41 44
max : 43 min : 15
15 42 43
min_diff : 28
max : 43 min : 15
15 43 42
max : 44 min : 15
15 44 41
max : 45 min : 15
15 45 40
max : 47 min : 15
15 47 38
max : 48 min : 15
15 48 37
max : 49 min : 15
15 49 36
max : 50 min : 15
15 50 35
max : 50 min : 16
16 34 50
max : 49 min : 16
16 35 49
max : 48 min : 16
16 36 48
max : 47 min : 16
16 37 47
max : 46 min : 16
16 38 46
max : 45 min : 16
16 39 45
max : 44 min : 16
16 40 44
max : 43 min : 16
16 41 43
min_diff : 27
max : 42 min : 16
16 42 42
min_diff : 26
max : 43 min : 16
16 43 41
max : 44 min : 16
16 44 40
max : 46 min : 16
16 46 38
max : 47 min : 16
16 47 37
max : 48 min : 16
16 48 36
max : 49 min : 16
16 49 35
max : 50 min : 16
16 50 34
max : 50 min : 17
17 33 50
max : 49 min : 17
17 34 49
max : 48 min : 17
17 35 48
max : 47 min : 17
17 36 47
max : 46 min : 17
17 37 46
max : 45 min : 17
17 38 45
max : 44 min : 17
17 39 44
max : 43 min : 17
17 40 43
max : 42 min : 17
17 41 42
min_diff : 25
max : 42 min : 17
17 42 41
max : 43 min : 17
17 43 40
max : 45 min : 17
17 45 38
max : 46 min : 17
17 46 37
max : 47 min : 17
17 47 36
max : 48 min : 17
17 48 35
max : 49 min : 17
17 49 34
max : 50 min : 17
17 50 33
max : 50 min : 18
18 32 50
max : 49 min : 18
18 33 49
max : 48 min : 18
18 34 48
max : 47 min : 18
18 35 47
max : 46 min : 18
18 36 46
max : 45 min : 18
18 37 45
max : 44 min : 18
18 38 44
max : 43 min : 18
18 39 43
max : 42 min : 18
18 40 42
min_diff : 24
max : 41 min : 18
18 41 41
min_diff : 23
max : 42 min : 18
18 42 40
max : 44 min : 18
18 44 38
max : 45 min : 18
18 45 37
max : 46 min : 18
18 46 36
max : 47 min : 18
18 47 35
max : 48 min : 18
18 48 34
max : 49 min : 18
18 49 33
max : 50 min : 18
18 50 32
max : 50 min : 19
19 31 50
max : 49 min : 19
19 32 49
max : 48 min : 19
19 33 48
max : 47 min : 19
19 34 47
max : 46 min : 19
19 35 46
max : 45 min : 19
19 36 45
max : 44 min : 19
19 37 44
max : 43 min : 19
19 38 43
max : 42 min : 19
19 39 42
max : 41 min : 19
19 40 41
min_diff : 22
max : 41 min : 19
19 41 40
max : 43 min : 19
19 43 38
max : 44 min : 19
19 44 37
max : 45 min : 19
19 45 36
max : 46 min : 19
19 46 35
max : 47 min : 19
19 47 34
max : 48 min : 19
19 48 33
max : 49 min : 19
19 49 32
max : 50 min : 19
19 50 31
max : 50 min : 20
20 30 50
max : 49 min : 20
20 31 49
max : 48 min : 20
20 32 48
max : 47 min : 20
20 33 47
max : 46 min : 20
20 34 46
max : 45 min : 20
20 35 45
max : 44 min : 20
20 36 44
max : 43 min : 20
20 37 43
max : 42 min : 20
20 38 42
max : 41 min : 20
20 39 41
min_diff : 21
max : 40 min : 20
20 40 40
min_diff : 20
max : 42 min : 20
20 42 38
max : 43 min : 20
20 43 37
max : 44 min : 20
20 44 36
max : 45 min : 20
20 45 35
max : 46 min : 20
20 46 34
max : 47 min : 20
20 47 33
max : 48 min : 20
20 48 32
max : 49 min : 20
20 49 31
max : 50 min : 20
20 50 30
max : 50 min : 22
22 28 50
max : 49 min : 22
22 29 49
max : 48 min : 22
22 30 48
max : 47 min : 22
22 31 47
max : 46 min : 22
22 32 46
max : 45 min : 22
22 33 45
max : 44 min : 22
22 34 44
max : 43 min : 22
22 35 43
max : 42 min : 22
22 36 42
max : 41 min : 22
22 37 41
min_diff : 19
max : 40 min : 22
22 38 40
min_diff : 18
max : 40 min : 22
22 40 38
max : 41 min : 22
22 41 37
max : 42 min : 22
22 42 36
max : 43 min : 22
22 43 35
max : 44 min : 22
22 44 34
max : 45 min : 22
22 45 33
max : 46 min : 22
22 46 32
max : 47 min : 22
22 47 31
max : 48 min : 22
22 48 30
max : 49 min : 22
22 49 29
max : 50 min : 22
22 50 28
max : 50 min : 23
23 27 50
max : 49 min : 23
23 28 49
max : 48 min : 23
23 29 48
max : 47 min : 23
23 30 47
max : 46 min : 23
23 31 46
max : 45 min : 23
23 32 45
max : 44 min : 23
23 33 44
max : 43 min : 23
23 34 43
max : 42 min : 23
23 35 42
max : 41 min : 23
23 36 41
max : 40 min : 23
23 37 40
min_diff : 17
max : 39 min : 23
23 39 38
min_diff : 16
max : 40 min : 23
23 40 37
max : 41 min : 23
23 41 36
max : 42 min : 23
23 42 35
max : 43 min : 23
23 43 34
max : 44 min : 23
23 44 33
max : 45 min : 23
23 45 32
max : 46 min : 23
23 46 31
max : 47 min : 23
23 47 30
max : 48 min : 23
23 48 29
max : 49 min : 23
23 49 28
max : 50 min : 23
23 50 27
max : 50 min : 24
24 26 50
max : 49 min : 24
24 27 49
max : 48 min : 24
24 28 48
max : 47 min : 24
24 29 47
max : 46 min : 24
24 30 46
max : 45 min : 24
24 31 45
max : 44 min : 24
24 32 44
max : 43 min : 24
24 33 43
max : 42 min : 24
24 34 42
max : 41 min : 24
24 35 41
max : 40 min : 24
24 36 40
max : 38 min : 24
24 38 38
min_diff : 14
max : 39 min : 24
24 39 37
max : 40 min : 24
24 40 36
max : 41 min : 24
24 41 35
max : 42 min : 24
24 42 34
max : 43 min : 24
24 43 33
max : 44 min : 24
24 44 32
max : 45 min : 24
24 45 31
max : 46 min : 24
24 46 30
max : 47 min : 24
24 47 29
max : 48 min : 24
24 48 28
max : 49 min : 24
24 49 27
max : 50 min : 24
24 50 26
max : 50 min : 25
25 25 50
max : 49 min : 25
25 26 49
max : 48 min : 25
25 27 48
max : 47 min : 25
25 28 47
max : 46 min : 25
25 29 46
max : 45 min : 25
25 30 45
max : 44 min : 25
25 31 44
max : 43 min : 25
25 32 43
max : 42 min : 25
25 33 42
max : 41 min : 25
25 34 41
max : 40 min : 25
25 35 40
max : 38 min : 25
25 37 38
min_diff : 13
max : 38 min : 25
25 38 37
max : 39 min : 25
25 39 36
max : 40 min : 25
25 40 35
max : 41 min : 25
25 41 34
max : 42 min : 25
25 42 33
max : 43 min : 25
25 43 32
max : 44 min : 25
25 44 31
max : 45 min : 25
25 45 30
max : 46 min : 25
25 46 29
max : 47 min : 25
25 47 28
max : 48 min : 25
25 48 27
max : 49 min : 25
25 49 26
max : 50 min : 25
25 50 25
max : 50 min : 24
26 24 50
max : 49 min : 25
26 25 49
max : 48 min : 26
26 26 48
max : 47 min : 26
26 27 47
max : 46 min : 26
26 28 46
max : 45 min : 26
26 29 45
max : 44 min : 26
26 30 44
max : 43 min : 26
26 31 43
max : 42 min : 26
26 32 42
max : 41 min : 26
26 33 41
max : 40 min : 26
26 34 40
max : 38 min : 26
26 36 38
min_diff : 12
max : 37 min : 26
26 37 37
min_diff : 11
max : 38 min : 26
26 38 36
max : 39 min : 26
26 39 35
max : 40 min : 26
26 40 34
max : 41 min : 26
26 41 33
max : 42 min : 26
26 42 32
max : 43 min : 26
26 43 31
max : 44 min : 26
26 44 30
max : 45 min : 26
26 45 29
max : 46 min : 26
26 46 28
max : 47 min : 26
26 47 27
max : 48 min : 26
26 48 26
max : 49 min : 25
26 49 25
max : 50 min : 24
26 50 24
max : 50 min : 23
27 23 50
max : 49 min : 24
27 24 49
max : 48 min : 25
27 25 48
max : 47 min : 26
27 26 47
max : 46 min : 27
27 27 46
max : 45 min : 27
27 28 45
max : 44 min : 27
27 29 44
max : 43 min : 27
27 30 43
max : 42 min : 27
27 31 42
max : 41 min : 27
27 32 41
max : 40 min : 27
27 33 40
max : 38 min : 27
27 35 38
max : 37 min : 27
27 36 37
min_diff : 10
max : 37 min : 27
27 37 36
max : 38 min : 27
27 38 35
max : 39 min : 27
27 39 34
max : 40 min : 27
27 40 33
max : 41 min : 27
27 41 32
max : 42 min : 27
27 42 31
max : 43 min : 27
27 43 30
max : 44 min : 27
27 44 29
max : 45 min : 27
27 45 28
max : 46 min : 27
27 46 27
max : 47 min : 26
27 47 26
max : 48 min : 25
27 48 25
max : 49 min : 24
27 49 24
max : 50 min : 23
27 50 23
max : 50 min : 22
28 22 50
max : 49 min : 23
28 23 49
max : 48 min : 24
28 24 48
max : 47 min : 25
28 25 47
max : 46 min : 26
28 26 46
max : 45 min : 27
28 27 45
max : 44 min : 28
28 28 44
max : 43 min : 28
28 29 43
max : 42 min : 28
28 30 42
max : 41 min : 28
28 31 41
max : 40 min : 28
28 32 40
max : 38 min : 28
28 34 38
max : 37 min : 28
28 35 37
min_diff : 9
max : 36 min : 28
28 36 36
min_diff : 8
max : 37 min : 28
28 37 35
max : 38 min : 28
28 38 34
max : 39 min : 28
28 39 33
max : 40 min : 28
28 40 32
max : 41 min : 28
28 41 31
max : 42 min : 28
28 42 30
max : 43 min : 28
28 43 29
max : 44 min : 28
28 44 28
max : 45 min : 27
28 45 27
max : 46 min : 26
28 46 26
max : 47 min : 25
28 47 25
max : 48 min : 24
28 48 24
max : 49 min : 23
28 49 23
max : 50 min : 22
28 50 22
max : 50 min : 21
29 21 50
max : 49 min : 22
29 22 49
max : 48 min : 23
29 23 48
max : 47 min : 24
29 24 47
max : 46 min : 25
29 25 46
max : 45 min : 26
29 26 45
max : 44 min : 27
29 27 44
max : 43 min : 28
29 28 43
max : 42 min : 29
29 29 42
max : 41 min : 29
29 30 41
max : 40 min : 29
29 31 40
max : 38 min : 29
29 33 38
max : 37 min : 29
29 34 37
max : 36 min : 29
29 35 36
min_diff : 7
max : 36 min : 29
29 36 35
max : 37 min : 29
29 37 34
max : 38 min : 29
29 38 33
max : 39 min : 29
29 39 32
max : 40 min : 29
29 40 31
max : 41 min : 29
29 41 30
max : 42 min : 29
29 42 29
max : 43 min : 28
29 43 28
max : 44 min : 27
29 44 27
max : 45 min : 26
29 45 26
max : 46 min : 25
29 46 25
max : 47 min : 24
29 47 24
max : 48 min : 23
29 48 23
max : 49 min : 22
29 49 22
max : 50 min : 21
29 50 21
max : 50 min : 19
31 19 50
max : 49 min : 20
31 20 49
max : 48 min : 21
31 21 48
max : 47 min : 22
31 22 47
max : 46 min : 23
31 23 46
max : 45 min : 24
31 24 45
max : 44 min : 25
31 25 44
max : 43 min : 26
31 26 43
max : 42 min : 27
31 27 42
max : 41 min : 28
31 28 41
max : 40 min : 29
31 29 40
max : 38 min : 31
31 31 38
max : 37 min : 31
31 32 37
min_diff : 6
max : 36 min : 31
31 33 36
min_diff : 5
max : 35 min : 31
31 34 35
min_diff : 4
max : 35 min : 31
31 35 34
max : 36 min : 31
31 36 33
max : 37 min : 31
31 37 32
max : 38 min : 31
31 38 31
max : 39 min : 30
31 39 30
max : 40 min : 29
31 40 29
max : 41 min : 28
31 41 28
max : 42 min : 27
31 42 27
max : 43 min : 26
31 43 26
max : 44 min : 25
31 44 25
max : 45 min : 24
31 45 24
max : 46 min : 23
31 46 23
max : 47 min : 22
31 47 22
max : 48 min : 21
31 48 21
max : 49 min : 20
31 49 20
max : 50 min : 17
33 17 50
max : 49 min : 18
33 18 49
max : 48 min : 19
33 19 48
max : 47 min : 20
33 20 47
max : 46 min : 21
33 21 46
max : 45 min : 22
33 22 45
max : 44 min : 23
33 23 44
max : 43 min : 24
33 24 43
max : 42 min : 25
33 25 42
max : 41 min : 26
33 26 41
max : 40 min : 27
33 27 40
max : 38 min : 29
33 29 38
max : 37 min : 30
33 30 37
max : 36 min : 31
33 31 36
max : 35 min : 32
33 32 35
min_diff : 3
max : 34 min : 33
33 33 34
min_diff : 1
max : 34 min : 33
33 34 33
max : 35 min : 32
33 35 32
max : 36 min : 31
33 36 31
max : 37 min : 30
33 37 30
max : 38 min : 29
33 38 29
max : 39 min : 28
33 39 28
max : 40 min : 27
33 40 27
max : 41 min : 26
33 41 26
max : 42 min : 25
33 42 25
max : 43 min : 24
33 43 24
max : 44 min : 23
33 44 23
max : 45 min : 22
33 45 22
max : 46 min : 21
33 46 21
max : 47 min : 20
33 47 20
max : 49 min : 18
33 49 18
max : 50 min : 17
33 50 17
max : 50 min : 16
34 16 50
max : 49 min : 17
34 17 49
max : 48 min : 18
34 18 48
max : 47 min : 19
34 19 47
max : 46 min : 20
34 20 46
max : 45 min : 21
34 21 45
max : 44 min : 22
34 22 44
max : 43 min : 23
34 23 43
max : 42 min : 24
34 24 42
max : 41 min : 25
34 25 41
max : 40 min : 26
34 26 40
max : 38 min : 28
34 28 38
max : 37 min : 29
34 29 37
max : 36 min : 30
34 30 36
max : 35 min : 31
34 31 35
max : 34 min : 32
34 32 34
max : 34 min : 33
34 33 33
max : 34 min : 32
34 34 32
max : 35 min : 31
34 35 31
max : 36 min : 30
34 36 30
max : 37 min : 29
34 37 29
max : 38 min : 28
34 38 28
max : 39 min : 27
34 39 27
max : 40 min : 26
34 40 26
max : 41 min : 25
34 41 25
max : 42 min : 24
34 42 24
max : 43 min : 23
34 43 23
max : 44 min : 22
34 44 22
max : 45 min : 21
34 45 21
max : 46 min : 20
34 46 20
max : 48 min : 18
34 48 18
max : 49 min : 17
34 49 17
max : 50 min : 16
34 50 16
max : 50 min : 15
35 15 50
max : 49 min : 16
35 16 49
max : 48 min : 17
35 17 48
max : 47 min : 18
35 18 47
max : 46 min : 19
35 19 46
max : 45 min : 20
35 20 45
max : 44 min : 21
35 21 44
max : 43 min : 22
35 22 43
max : 42 min : 23
35 23 42
max : 41 min : 24
35 24 41
max : 40 min : 25
35 25 40
max : 38 min : 27
35 27 38
max : 37 min : 28
35 28 37
max : 36 min : 29
35 29 36
max : 35 min : 30
35 30 35
max : 35 min : 31
35 31 34
max : 35 min : 32
35 32 33
max : 35 min : 32
35 33 32
max : 35 min : 31
35 34 31
max : 35 min : 30
35 35 30
max : 36 min : 29
35 36 29
max : 37 min : 28
35 37 28
max : 38 min : 27
35 38 27
max : 39 min : 26
35 39 26
max : 40 min : 25
35 40 25
max : 41 min : 24
35 41 24
max : 42 min : 23
35 42 23
max : 43 min : 22
35 43 22
max : 44 min : 21
35 44 21
max : 45 min : 20
35 45 20
max : 47 min : 18
35 47 18
max : 48 min : 17
35 48 17
max : 49 min : 16
35 49 16
max : 50 min : 15
35 50 15
max : 50 min : 14
36 14 50
max : 49 min : 15
36 15 49
max : 48 min : 16
36 16 48
max : 47 min : 17
36 17 47
max : 46 min : 18
36 18 46
max : 45 min : 19
36 19 45
max : 44 min : 20
36 20 44
max : 43 min : 21
36 21 43
max : 42 min : 22
36 22 42
max : 41 min : 23
36 23 41
max : 40 min : 24
36 24 40
max : 38 min : 26
36 26 38
max : 37 min : 27
36 27 37
max : 36 min : 28
36 28 36
max : 36 min : 29
36 29 35
max : 36 min : 30
36 30 34
max : 36 min : 31
36 31 33
max : 36 min : 32
36 32 32
max : 36 min : 31
36 33 31
max : 36 min : 30
36 34 30
max : 36 min : 29
36 35 29
max : 36 min : 28
36 36 28
max : 37 min : 27
36 37 27
max : 38 min : 26
36 38 26
max : 39 min : 25
36 39 25
max : 40 min : 24
36 40 24
max : 41 min : 23
36 41 23
max : 42 min : 22
36 42 22
max : 43 min : 21
36 43 21
max : 44 min : 20
36 44 20
max : 46 min : 18
36 46 18
max : 47 min : 17
36 47 17
max : 48 min : 16
36 48 16
max : 49 min : 15
36 49 15
max : 50 min : 14
36 50 14
max : 50 min : 13
37 13 50
max : 49 min : 14
37 14 49
max : 48 min : 15
37 15 48
max : 47 min : 16
37 16 47
max : 46 min : 17
37 17 46
max : 45 min : 18
37 18 45
max : 44 min : 19
37 19 44
max : 43 min : 20
37 20 43
max : 42 min : 21
37 21 42
max : 41 min : 22
37 22 41
max : 40 min : 23
37 23 40
max : 38 min : 25
37 25 38
max : 37 min : 26
37 26 37
max : 37 min : 27
37 27 36
max : 37 min : 28
37 28 35
max : 37 min : 29
37 29 34
max : 37 min : 30
37 30 33
max : 37 min : 31
37 31 32
max : 37 min : 31
37 32 31
max : 37 min : 30
37 33 30
max : 37 min : 29
37 34 29
max : 37 min : 28
37 35 28
max : 37 min : 27
37 36 27
max : 37 min : 26
37 37 26
max : 38 min : 25
37 38 25
max : 39 min : 24
37 39 24
max : 40 min : 23
37 40 23
max : 41 min : 22
37 41 22
max : 42 min : 21
37 42 21
max : 43 min : 20
37 43 20
max : 45 min : 18
37 45 18
max : 46 min : 17
37 46 17
max : 47 min : 16
37 47 16
max : 48 min : 15
37 48 15
max : 49 min : 14
37 49 14
max : 50 min : 13
37 50 13
max : 50 min : 12
38 12 50
max : 49 min : 13
38 13 49
max : 48 min : 14
38 14 48
max : 47 min : 15
38 15 47
max : 46 min : 16
38 16 46
max : 45 min : 17
38 17 45
max : 44 min : 18
38 18 44
max : 43 min : 19
38 19 43
max : 42 min : 20
38 20 42
max : 41 min : 21
38 21 41
max : 40 min : 22
38 22 40
max : 38 min : 24
38 24 38
max : 38 min : 25
38 25 37
max : 38 min : 26
38 26 36
max : 38 min : 27
38 27 35
max : 38 min : 28
38 28 34
max : 38 min : 29
38 29 33
max : 38 min : 30
38 30 32
max : 38 min : 31
38 31 31
max : 38 min : 30
38 32 30
max : 38 min : 29
38 33 29
max : 38 min : 28
38 34 28
max : 38 min : 27
38 35 27
max : 38 min : 26
38 36 26
max : 38 min : 25
38 37 25
max : 38 min : 24
38 38 24
max : 39 min : 23
38 39 23
max : 40 min : 22
38 40 22
max : 41 min : 21
38 41 21
max : 42 min : 20
38 42 20
max : 44 min : 18
38 44 18
max : 45 min : 17
38 45 17
max : 46 min : 16
38 46 16
max : 47 min : 15
38 47 15
max : 48 min : 14
38 48 14
max : 49 min : 13
38 49 13
max : 50 min : 12
38 50 12
max : 50 min : 11
39 11 50
max : 49 min : 12
39 12 49
max : 48 min : 13
39 13 48
max : 47 min : 14
39 14 47
max : 46 min : 15
39 15 46
max : 45 min : 16
39 16 45
max : 44 min : 17
39 17 44
max : 43 min : 18
39 18 43
max : 42 min : 19
39 19 42
max : 41 min : 20
39 20 41
max : 40 min : 21
39 21 40
max : 39 min : 23
39 23 38
max : 39 min : 24
39 24 37
max : 39 min : 25
39 25 36
max : 39 min : 26
39 26 35
max : 39 min : 27
39 27 34
max : 39 min : 28
39 28 33
max : 39 min : 29
39 29 32
max : 39 min : 30
39 30 31
max : 39 min : 30
39 31 30
max : 39 min : 29
39 32 29
max : 39 min : 28
39 33 28
max : 39 min : 27
39 34 27
max : 39 min : 26
39 35 26
max : 39 min : 25
39 36 25
max : 39 min : 24
39 37 24
max : 39 min : 23
39 38 23
max : 39 min : 22
39 39 22
max : 40 min : 21
39 40 21
max : 41 min : 20
39 41 20
max : 43 min : 18
39 43 18
max : 44 min : 17
39 44 17
max : 45 min : 16
39 45 16
max : 46 min : 15
39 46 15
max : 47 min : 14
39 47 14
max : 48 min : 13
39 48 13
max : 49 min : 12
39 49 12
max : 50 min : 11
39 50 11
max : 50 min : 10
40 10 50
max : 49 min : 11
40 11 49
max : 48 min : 12
40 12 48
max : 47 min : 13
40 13 47
max : 46 min : 14
40 14 46
max : 45 min : 15
40 15 45
max : 44 min : 16
40 16 44
max : 43 min : 17
40 17 43
max : 42 min : 18
40 18 42
max : 41 min : 19
40 19 41
max : 40 min : 20
40 20 40
max : 40 min : 22
40 22 38
max : 40 min : 23
40 23 37
max : 40 min : 24
40 24 36
max : 40 min : 25
40 25 35
max : 40 min : 26
40 26 34
max : 40 min : 27
40 27 33
max : 40 min : 28
40 28 32
max : 40 min : 29
40 29 31
max : 40 min : 30
40 30 30
max : 40 min : 29
40 31 29
max : 40 min : 28
40 32 28
max : 40 min : 27
40 33 27
max : 40 min : 26
40 34 26
max : 40 min : 25
40 35 25
max : 40 min : 24
40 36 24
max : 40 min : 23
40 37 23
max : 40 min : 22
40 38 22
max : 40 min : 21
40 39 21
max : 40 min : 20
40 40 20
max : 42 min : 18
40 42 18
max : 43 min : 17
40 43 17
max : 44 min : 16
40 44 16
max : 45 min : 15
40 45 15
max : 46 min : 14
40 46 14
max : 47 min : 13
40 47 13
max : 48 min : 12
40 48 12
max : 49 min : 11
40 49 11
max : 50 min : 10
40 50 10
max : 50 min : 9
41 9 50
max : 49 min : 10
41 10 49
max : 48 min : 11
41 11 48
max : 47 min : 12
41 12 47
max : 46 min : 13
41 13 46
max : 45 min : 14
41 14 45
max : 44 min : 15
41 15 44
max : 43 min : 16
41 16 43
max : 42 min : 17
41 17 42
max : 41 min : 18
41 18 41
max : 41 min : 19
41 19 40
max : 41 min : 21
41 21 38
max : 41 min : 22
41 22 37
max : 41 min : 23
41 23 36
max : 41 min : 24
41 24 35
max : 41 min : 25
41 25 34
max : 41 min : 26
41 26 33
max : 41 min : 27
41 27 32
max : 41 min : 28
41 28 31
max : 41 min : 29
41 29 30
max : 41 min : 29
41 30 29
max : 41 min : 28
41 31 28
max : 41 min : 27
41 32 27
max : 41 min : 26
41 33 26
max : 41 min : 25
41 34 25
max : 41 min : 24
41 35 24
max : 41 min : 23
41 36 23
max : 41 min : 22
41 37 22
max : 41 min : 21
41 38 21
max : 41 min : 20
41 39 20
max : 41 min : 18
41 41 18
max : 42 min : 17
41 42 17
max : 43 min : 16
41 43 16
max : 44 min : 15
41 44 15
max : 45 min : 14
41 45 14
max : 46 min : 13
41 46 13
max : 47 min : 12
41 47 12
max : 48 min : 11
41 48 11
max : 49 min : 10
41 49 10
max : 50 min : 9
41 50 9
max : 50 min : 8
42 8 50
max : 49 min : 9
42 9 49
max : 48 min : 10
42 10 48
max : 47 min : 11
42 11 47
max : 46 min : 12
42 12 46
max : 45 min : 13
42 13 45
max : 44 min : 14
42 14 44
max : 43 min : 15
42 15 43
max : 42 min : 16
42 16 42
max : 42 min : 17
42 17 41
max : 42 min : 18
42 18 40
max : 42 min : 20
42 20 38
max : 42 min : 21
42 21 37
max : 42 min : 22
42 22 36
max : 42 min : 23
42 23 35
max : 42 min : 24
42 24 34
max : 42 min : 25
42 25 33
max : 42 min : 26
42 26 32
max : 42 min : 27
42 27 31
max : 42 min : 28
42 28 30
max : 42 min : 29
42 29 29
max : 42 min : 28
42 30 28
max : 42 min : 27
42 31 27
max : 42 min : 26
42 32 26
max : 42 min : 25
42 33 25
max : 42 min : 24
42 34 24
max : 42 min : 23
42 35 23
max : 42 min : 22
42 36 22
max : 42 min : 21
42 37 21
max : 42 min : 20
42 38 20
max : 42 min : 18
42 40 18
max : 42 min : 17
42 41 17
max : 42 min : 16
42 42 16
max : 43 min : 15
42 43 15
max : 44 min : 14
42 44 14
max : 45 min : 13
42 45 13
max : 46 min : 12
42 46 12
max : 47 min : 11
42 47 11
max : 48 min : 10
42 48 10
max : 49 min : 9
42 49 9
max : 50 min : 8
42 50 8
max : 50 min : 7
43 7 50
max : 49 min : 8
43 8 49
max : 48 min : 9
43 9 48
max : 47 min : 10
43 10 47
max : 46 min : 11
43 11 46
max : 45 min : 12
43 12 45
max : 44 min : 13
43 13 44
max : 43 min : 14
43 14 43
max : 43 min : 15
43 15 42
max : 43 min : 16
43 16 41
max : 43 min : 17
43 17 40
max : 43 min : 19
43 19 38
max : 43 min : 20
43 20 37
max : 43 min : 21
43 21 36
max : 43 min : 22
43 22 35
max : 43 min : 23
43 23 34
max : 43 min : 24
43 24 33
max : 43 min : 25
43 25 32
max : 43 min : 26
43 26 31
max : 43 min : 27
43 27 30
max : 43 min : 28
43 28 29
max : 43 min : 28
43 29 28
max : 43 min : 27
43 30 27
max : 43 min : 26
43 31 26
max : 43 min : 25
43 32 25
max : 43 min : 24
43 33 24
max : 43 min : 23
43 34 23
max : 43 min : 22
43 35 22
max : 43 min : 21
43 36 21
max : 43 min : 20
43 37 20
max : 43 min : 18
43 39 18
max : 43 min : 17
43 40 17
max : 43 min : 16
43 41 16
max : 43 min : 15
43 42 15
max : 43 min : 14
43 43 14
max : 44 min : 13
43 44 13
max : 45 min : 12
43 45 12
max : 46 min : 11
43 46 11
max : 47 min : 10
43 47 10
max : 48 min : 9
43 48 9
max : 49 min : 8
43 49 8
max : 50 min : 7
43 50 7
max : 50 min : 6
44 6 50
max : 49 min : 7
44 7 49
max : 48 min : 8
44 8 48
max : 47 min : 9
44 9 47
max : 46 min : 10
44 10 46
max : 45 min : 11
44 11 45
max : 44 min : 12
44 12 44
max : 44 min : 13
44 13 43
max : 44 min : 14
44 14 42
max : 44 min : 15
44 15 41
max : 44 min : 16
44 16 40
max : 44 min : 18
44 18 38
max : 44 min : 19
44 19 37
max : 44 min : 20
44 20 36
max : 44 min : 21
44 21 35
max : 44 min : 22
44 22 34
max : 44 min : 23
44 23 33
max : 44 min : 24
44 24 32
max : 44 min : 25
44 25 31
max : 44 min : 26
44 26 30
max : 44 min : 27
44 27 29
max : 44 min : 28
44 28 28
max : 44 min : 27
44 29 27
max : 44 min : 26
44 30 26
max : 44 min : 25
44 31 25
max : 44 min : 24
44 32 24
max : 44 min : 23
44 33 23
max : 44 min : 22
44 34 22
max : 44 min : 21
44 35 21
max : 44 min : 20
44 36 20
max : 44 min : 18
44 38 18
max : 44 min : 17
44 39 17
max : 44 min : 16
44 40 16
max : 44 min : 15
44 41 15
max : 44 min : 14
44 42 14
max : 44 min : 13
44 43 13
max : 44 min : 12
44 44 12
max : 45 min : 11
44 45 11
max : 46 min : 10
44 46 10
max : 47 min : 9
44 47 9
max : 48 min : 8
44 48 8
max : 49 min : 7
44 49 7
max : 50 min : 6
44 50 6
max : 50 min : 5
45 5 50
max : 49 min : 6
45 6 49
max : 48 min : 7
45 7 48
max : 47 min : 8
45 8 47
max : 46 min : 9
45 9 46
max : 45 min : 10
45 10 45
max : 45 min : 11
45 11 44
max : 45 min : 12
45 12 43
max : 45 min : 13
45 13 42
max : 45 min : 14
45 14 41
max : 45 min : 15
45 15 40
max : 45 min : 17
45 17 38
max : 45 min : 18
45 18 37
max : 45 min : 19
45 19 36
max : 45 min : 20
45 20 35
max : 45 min : 21
45 21 34
max : 45 min : 22
45 22 33
max : 45 min : 23
45 23 32
max : 45 min : 24
45 24 31
max : 45 min : 25
45 25 30
max : 45 min : 26
45 26 29
max : 45 min : 27
45 27 28
max : 45 min : 27
45 28 27
max : 45 min : 26
45 29 26
max : 45 min : 25
45 30 25
max : 45 min : 24
45 31 24
max : 45 min : 23
45 32 23
max : 45 min : 22
45 33 22
max : 45 min : 21
45 34 21
max : 45 min : 20
45 35 20
max : 45 min : 18
45 37 18
max : 45 min : 17
45 38 17
max : 45 min : 16
45 39 16
max : 45 min : 15
45 40 15
max : 45 min : 14
45 41 14
max : 45 min : 13
45 42 13
max : 45 min : 12
45 43 12
max : 45 min : 11
45 44 11
max : 45 min : 10
45 45 10
max : 46 min : 9
45 46 9
max : 47 min : 8
45 47 8
max : 48 min : 7
45 48 7
max : 49 min : 6
45 49 6
max : 50 min : 4
46 4 50
max : 49 min : 5
46 5 49
max : 48 min : 6
46 6 48
max : 47 min : 7
46 7 47
max : 46 min : 8
46 8 46
max : 46 min : 9
46 9 45
max : 46 min : 10
46 10 44
max : 46 min : 11
46 11 43
max : 46 min : 12
46 12 42
max : 46 min : 13
46 13 41
max : 46 min : 14
46 14 40
max : 46 min : 16
46 16 38
max : 46 min : 17
46 17 37
max : 46 min : 18
46 18 36
max : 46 min : 19
46 19 35
max : 46 min : 20
46 20 34
max : 46 min : 21
46 21 33
max : 46 min : 22
46 22 32
max : 46 min : 23
46 23 31
max : 46 min : 24
46 24 30
max : 46 min : 25
46 25 29
max : 46 min : 26
46 26 28
max : 46 min : 27
46 27 27
max : 46 min : 26
46 28 26
max : 46 min : 25
46 29 25
max : 46 min : 24
46 30 24
max : 46 min : 23
46 31 23
max : 46 min : 22
46 32 22
max : 46 min : 21
46 33 21
max : 46 min : 20
46 34 20
max : 46 min : 18
46 36 18
max : 46 min : 17
46 37 17
max : 46 min : 16
46 38 16
max : 46 min : 15
46 39 15
max : 46 min : 14
46 40 14
max : 46 min : 13
46 41 13
max : 46 min : 12
46 42 12
max : 46 min : 11
46 43 11
max : 46 min : 10
46 44 10
max : 46 min : 9
46 45 9
max : 46 min : 8
46 46 8
max : 47 min : 7
46 47 7
max : 48 min : 6
46 48 6
max : 50 min : 4
46 50 4
max : 50 min : 3
47 3 50
max : 49 min : 4
47 4 49
max : 48 min : 5
47 5 48
max : 47 min : 6
47 6 47
max : 47 min : 7
47 7 46
max : 47 min : 8
47 8 45
max : 47 min : 9
47 9 44
max : 47 min : 10
47 10 43
max : 47 min : 11
47 11 42
max : 47 min : 12
47 12 41
max : 47 min : 13
47 13 40
max : 47 min : 15
47 15 38
max : 47 min : 16
47 16 37
max : 47 min : 17
47 17 36
max : 47 min : 18
47 18 35
max : 47 min : 19
47 19 34
max : 47 min : 20
47 20 33
max : 47 min : 21
47 21 32
max : 47 min : 22
47 22 31
max : 47 min : 23
47 23 30
max : 47 min : 24
47 24 29
max : 47 min : 25
47 25 28
max : 47 min : 26
47 26 27
max : 47 min : 26
47 27 26
max : 47 min : 25
47 28 25
max : 47 min : 24
47 29 24
max : 47 min : 23
47 30 23
max : 47 min : 22
47 31 22
max : 47 min : 21
47 32 21
max : 47 min : 20
47 33 20
max : 47 min : 18
47 35 18
max : 47 min : 17
47 36 17
max : 47 min : 16
47 37 16
max : 47 min : 15
47 38 15
max : 47 min : 14
47 39 14
max : 47 min : 13
47 40 13
max : 47 min : 12
47 41 12
max : 47 min : 11
47 42 11
max : 47 min : 10
47 43 10
max : 47 min : 9
47 44 9
max : 47 min : 8
47 45 8
max : 47 min : 7
47 46 7
max : 47 min : 6
47 47 6
max : 49 min : 4
47 49 4
max : 50 min : 3
47 50 3
max : 50 min : 2
48 2 50
max : 49 min : 3
48 3 49
max : 48 min : 4
48 4 48
max : 48 min : 5
48 5 47
max : 48 min : 6
48 6 46
max : 48 min : 7
48 7 45
max : 48 min : 8
48 8 44
max : 48 min : 9
48 9 43
max : 48 min : 10
48 10 42
max : 48 min : 11
48 11 41
max : 48 min : 12
48 12 40
max : 48 min : 14
48 14 38
max : 48 min : 15
48 15 37
max : 48 min : 16
48 16 36
max : 48 min : 17
48 17 35
max : 48 min : 18
48 18 34
max : 48 min : 19
48 19 33
max : 48 min : 20
48 20 32
max : 48 min : 21
48 21 31
max : 48 min : 22
48 22 30
max : 48 min : 23
48 23 29
max : 48 min : 24
48 24 28
max : 48 min : 25
48 25 27
max : 48 min : 26
48 26 26
max : 48 min : 25
48 27 25
max : 48 min : 24
48 28 24
max : 48 min : 23
48 29 23
max : 48 min : 22
48 30 22
max : 48 min : 21
48 31 21
max : 48 min : 20
48 32 20
max : 48 min : 18
48 34 18
max : 48 min : 17
48 35 17
max : 48 min : 16
48 36 16
max : 48 min : 15
48 37 15
max : 48 min : 14
48 38 14
max : 48 min : 13
48 39 13
max : 48 min : 12
48 40 12
max : 48 min : 11
48 41 11
max : 48 min : 10
48 42 10
max : 48 min : 9
48 43 9
max : 48 min : 8
48 44 8
max : 48 min : 7
48 45 7
max : 48 min : 6
48 46 6
max : 48 min : 4
48 48 4
max : 49 min : 3
48 49 3
max : 50 min : 2
48 50 2
max : 50 min : 1
49 1 50
max : 49 min : 2
49 2 49
max : 49 min : 3
49 3 48
max : 49 min : 4
49 4 47
max : 49 min : 5
49 5 46
max : 49 min : 6
49 6 45
max : 49 min : 7
49 7 44
max : 49 min : 8
49 8 43
max : 49 min : 9
49 9 42
max : 49 min : 10
49 10 41
max : 49 min : 11
49 11 40
max : 49 min : 13
49 13 38
max : 49 min : 14
49 14 37
max : 49 min : 15
49 15 36
max : 49 min : 16
49 16 35
max : 49 min : 17
49 17 34
max : 49 min : 18
49 18 33
max : 49 min : 19
49 19 32
max : 49 min : 20
49 20 31
max : 49 min : 21
49 21 30
max : 49 min : 22
49 22 29
max : 49 min : 23
49 23 28
max : 49 min : 24
49 24 27
max : 49 min : 25
49 25 26
max : 49 min : 25
49 26 25
max : 49 min : 24
49 27 24
max : 49 min : 23
49 28 23
max : 49 min : 22
49 29 22
max : 49 min : 21
49 30 21
max : 49 min : 20
49 31 20
max : 49 min : 18
49 33 18
max : 49 min : 17
49 34 17
max : 49 min : 16
49 35 16
max : 49 min : 15
49 36 15
max : 49 min : 14
49 37 14
max : 49 min : 13
49 38 13
max : 49 min : 12
49 39 12
max : 49 min : 11
49 40 11
max : 49 min : 10
49 41 10
max : 49 min : 9
49 42 9
max : 49 min : 8
49 43 8
max : 49 min : 7
49 44 7
max : 49 min : 6
49 45 6
max : 49 min : 4
49 47 4
max : 49 min : 3
49 48 3
max : 49 min : 2
49 49 2
max : 50 min : 1
49 50 1
max : 50 min : 1
50 1 49
max : 50 min : 2
50 2 48
max : 50 min : 3
50 3 47
max : 50 min : 4
50 4 46
max : 50 min : 5
50 5 45
max : 50 min : 6
50 6 44
max : 50 min : 7
50 7 43
max : 50 min : 8
50 8 42
max : 50 min : 9
50 9 41
max : 50 min : 10
50 10 40
max : 50 min : 12
50 12 38
max : 50 min : 13
50 13 37
max : 50 min : 14
50 14 36
max : 50 min : 15
50 15 35
max : 50 min : 16
50 16 34
max : 50 min : 17
50 17 33
max : 50 min : 18
50 18 32
max : 50 min : 19
50 19 31
max : 50 min : 20
50 20 30
max : 50 min : 21
50 21 29
max : 50 min : 22
50 22 28
max : 50 min : 23
50 23 27
max : 50 min : 24
50 24 26
max : 50 min : 25
50 25 25
max : 50 min : 24
50 26 24
max : 50 min : 23
50 27 23
max : 50 min : 22
50 28 22
max : 50 min : 21
50 29 21
max : 50 min : 20
50 30 20
max : 50 min : 18
50 32 18
max : 50 min : 17
50 33 17
max : 50 min : 16
50 34 16
max : 50 min : 15
50 35 15
max : 50 min : 14
50 36 14
max : 50 min : 13
50 37 13
max : 50 min : 12
50 38 12
max : 50 min : 11
50 39 11
max : 50 min : 10
50 40 10
max : 50 min : 9
50 41 9
max : 50 min : 8
50 42 8
max : 50 min : 7
50 43 7
max : 50 min : 6
50 44 6
max : 50 min : 4
50 46 4
max : 50 min : 3
50 47 3
max : 50 min : 2
50 48 2
max : 50 min : 1
50 49 1
#1 1
