33 33
33 [1, 2, 2, 2, 2, 3, 3, 3, 3, 3, 3, 3, 4, 4, 5, 6, 6, 6, 6, 6, 6, 7, 7, 7, 7, 8, 8, 8, 8, 8, 9, 9, 9]
34 [10, 10, 11, 11, 11, 11, 12, 12, 12, 12, 12, 13, 13, 13, 13, 13, 14, 14, 14, 14, 14, 15, 15, 16, 17, 17, 18, 18, 18, 18, 18, 18, 18, 19]
33 [19, 20, 20, 20, 21, 21, 22, 22, 22, 23, 23, 24, 24, 24, 24, 25, 25, 25, 26, 26, 26, 26, 27, 27, 27, 28, 29, 29, 30, 30, 30, 30, 30]
RL_cnt : 1
RR_cnt : 1
R : 35 34

33 [1, 2, 2, 2, 2, 3, 3, 3, 3, 3, 3, 3, 4, 4, 5, 6, 6, 6, 6, 6, 6, 7, 7, 7, 7, 8, 8, 8, 8, 8, 9, 9, 9]
33 [10, 10, 11, 11, 11, 11, 12, 12, 12, 12, 12, 13, 13, 13, 13, 13, 14, 14, 14, 14, 14, 15, 15, 16, 17, 17, 18, 18, 18, 18, 18, 18, 18]
34 [19, 19, 20, 20, 20, 21, 21, 22, 22, 22, 23, 23, 24, 24, 24, 24, 25, 25, 25, 26, 26, 26, 26, 27, 27, 27, 28, 29, 29, 30, 30, 30, 30, 30]
#1 1
33 33
33 [1, 2, 2, 2, 2, 2, 2, 3, 3, 3, 3, 3, 3, 3, 4, 4, 5, 6, 6, 6, 6, 6, 6, 7, 7, 7, 7, 8, 8, 8, 8, 8, 8]
35 [9, 9, 9, 9, 10, 10, 11, 11, 11, 11, 12, 12, 12, 12, 12, 13, 13, 13, 13, 13, 14, 14, 14, 14, 14, 15, 15, 16, 17, 17, 18, 18, 18, 18, 18]
33 [18, 18, 19, 20, 21, 21, 22, 22, 22, 23, 23, 24, 24, 24, 24, 25, 25, 25, 26, 26, 26, 26, 27, 27, 27, 28, 29, 29, 30, 30, 30, 30, 30]
RL_cnt : 5
RR_cnt : 2
R : 37 38

33 [1, 2, 2, 2, 2, 2, 2, 3, 3, 3, 3, 3, 3, 3, 4, 4, 5, 6, 6, 6, 6, 6, 6, 7, 7, 7, 7, 8, 8, 8, 8, 8, 8]
37 [9, 9, 9, 9, 10, 10, 11, 11, 11, 11, 12, 12, 12, 12, 12, 13, 13, 13, 13, 13, 14, 14, 14, 14, 14, 15, 15, 16, 17, 17, 18, 18, 18, 18, 18, 18, 18]
31 [19, 20, 21, 21, 22, 22, 22, 23, 23, 24, 24, 24, 24, 25, 25, 25, 26, 26, 26, 26, 27, 27, 27, 28, 29, 29, 30, 30, 30, 30, 30]
#2 6
34 34
34 [1, 2, 2, 2, 2, 3, 3, 3, 3, 3, 3, 3, 4, 4, 5, 6, 6, 6, 6, 6, 6, 7, 7, 7, 7, 8, 8, 8, 8, 8, 9, 9, 9, 10]
34 [10, 10, 11, 11, 11, 11, 12, 12, 12, 12, 12, 13, 13, 13, 13, 13, 14, 14, 14, 14, 14, 15, 15, 16, 17, 17, 18, 18, 18, 18, 18, 18, 18, 18]
34 [19, 19, 20, 20, 20, 21, 21, 22, 22, 22, 23, 23, 24, 24, 24, 24, 25, 25, 25, 26, 26, 26, 26, 27, 27, 27, 28, 29, 29, 30, 30, 30, 30, 30]
LL_cnt : 1
LR_cnt : 2
L : 36 35

33 [1, 2, 2, 2, 2, 3, 3, 3, 3, 3, 3, 3, 4, 4, 5, 6, 6, 6, 6, 6, 6, 7, 7, 7, 7, 8, 8, 8, 8, 8, 9, 9, 9]
35 [10, 10, 10, 11, 11, 11, 11, 12, 12, 12, 12, 12, 13, 13, 13, 13, 13, 14, 14, 14, 14, 14, 15, 15, 16, 17, 17, 18, 18, 18, 18, 18, 18, 18, 18]
34 [19, 19, 20, 20, 20, 21, 21, 22, 22, 22, 23, 23, 24, 24, 24, 24, 25, 25, 25, 26, 26, 26, 26, 27, 27, 27, 28, 29, 29, 30, 30, 30, 30, 30]
#3 2
2 2
2 [1, 2]
4 [3, 3, 5, 5]
2 [7, 8]

2 [1, 2]
4 [3, 3, 5, 5]
2 [7, 8]
#4 2
